For M5|Adr     2|To  Start-Line         BF     1|                      |                      |                      | 
For M5|Adr     3|KD1     3192                  1|                      |                      |Z        73.94158 m   |
For M5|Adr     4|KD1     3192      09:09:013   1|Rb        2.13779 m   |HD         19.272 m   |                      |
For M5|Adr     5|KD1    PN302      09:09:383   1|Rf        1.16070 m   |HD         45.418 m   |                      |
For M5|Adr     8|KD1    PN302      09:11:573   1|Rb        1.08476 m   |HD         50.618 m   |                      |
For M5|Adr     9|KD1        2      09:12:163   1|Rf        2.51279 m   |HD         56.145 m   |                      |
For M5|Adr    12|KD1        2      09:18:433   1|Rb        1.11096 m   |HD         65.969 m   |                      |
For M5|Adr    13|KD1    PN300      09:19:293   1|Rf        1.70762 m   |HD         75.551 m   |                      |
For M5|Adr    16|KD1    PN300      09:24:593   1|Rb        2.44025 m   |HD         93.636 m   |                      |
For M5|Adr    17|KD1      Q50      09:25:363   1|Rf        0.17613 m   |HD        118.213 m   |                      |
For M5|Adr    20|KD1      Q50      09:37:083   1|Rb        0.22759 m   |HD         83.617 m   |                      |
For M5|Adr    21|KD1        3      09:40:593   1|Rf        2.71942 m   |HD        128.363 m   |                      |
For M5|Adr    24|KD1        3      09:47:343   1|Rb        1.10974 m   |HD         40.167 m   |                      |
For M5|Adr    25|KD1      Q49      09:48:503   1|Rf        2.02804 m   |HD         64.999 m   |                      |
For M5|Adr    28|KD1      Q49      09:52:403   1|Rb        1.28668 m   |HD         78.642 m   |                      |
For M5|Adr    29|KD1      Q48      09:55:123   1|Rf        1.96306 m   |HD        120.824 m   |                      |
For M5|Adr    32|KD1      Q48      10:00:363   1|Rb        1.13475 m   |HD         69.387 m   |                      |
For M5|Adr    33|KD1        4      10:02:053   1|Rf        2.66677 m   |HD         82.547 m   |                      |
For M5|Adr    36|KD1        4      10:05:553   1|Rb        0.58656 m   |HD         66.571 m   |                      |
For M5|Adr    37|KD1      Q47      10:07:283   1|Rf        1.87231 m   |HD         87.946 m   |                      |
For M5|Adr    40|KD1      Q47      10:16:453   1|Rb        0.90519 m   |HD         90.044 m   |                      |
For M5|Adr    41|KD1    PN305      10:17:203   1|Rf        2.07281 m   |HD        120.862 m   |                      |
For M5|Adr    44|KD1    PN305      10:25:093   1|Rb        1.12305 m   |HD         82.383 m   |                      |
For M5|Adr    45|KD1        6      10:25:273   1|Rf        1.58334 m   |HD         59.198 m   |                      |
For M5|Adr    48|KD1        6      10:28:293   1|Rb        1.36109 m   |HD         51.740 m   |                      |
For M5|Adr    49|KD1    PN308      10:30:263   1|Rf        1.87991 m   |HD         68.831 m   |                      |
For M5|Adr    52|KD1    PN308      10:34:493   1|Rb        1.29198 m   |HD         78.565 m   |                      |
For M5|Adr    53|KD1        7      10:36:053   1|Rf        1.88590 m   |HD         90.789 m   |                      |
For M5|Adr    56|KD1        7      10:43:073   1|Rb        1.54923 m   |HD         97.312 m   |                      |
For M5|Adr    57|KD1      Q41      10:44:203   1|Rf        0.96253 m   |HD        112.884 m   |                      |
For M5|Adr    60|KD1      Q41      10:54:193   1|Rb        1.76527 m   |HD        114.050 m   |                      |
For M5|Adr    61|KD1        8      10:54:383   1|Rf        1.26298 m   |HD         66.677 m   |                      |
For M5|Adr    64|KD1        8      10:58:283   1|Rb        1.58861 m   |HD         24.406 m   |                      |
For M5|Adr    65|KD1      Q19      10:59:063   1|Rf        1.63455 m   |HD         28.104 m   |                      |
For M5|Adr    68|KD1      Q19      11:03:163   1|Rb        1.43467 m   |HD         51.072 m   |                      |
For M5|Adr    69|KD1      Q18      11:04:083   1|Rf        1.93348 m   |HD         54.636 m   |                      |
For M5|Adr    72|KD1      Q18      11:08:153   1|Rb        1.01709 m   |HD         70.029 m   |                      |
For M5|Adr    73|KD1        9      11:08:533   1|Rf        2.16297 m   |HD         54.474 m   |                      |
For M5|Adr    76|KD1        9      11:15:083   1|Rb        0.81205 m   |HD         88.633 m   |                      |
For M5|Adr    77|KD1      Q16      11:15:313   1|Rf        1.75912 m   |HD         82.087 m   |                      |
For M5|Adr    80|KD1      Q16      11:39:083   1|Rb        1.14491 m   |HD         93.175 m   |                      |
For M5|Adr    81|KD1       10      11:41:173   1|Rf        1.19343 m   |HD         27.680 m   |                      |
For M5|Adr    84|KD1       10      11:47:363   1|Rb        0.80278 m   |HD         11.935 m   |                      |
For M5|Adr    85|KD1     X206      11:48:583   1|Rf        1.86570 m   |HD         10.421 m   |                      |
For M5|Adr    88|KD1     X206                  1|Sh        0.04679 m   |dz       -0.04679 m   |Z         0.00000 m   |
For M5|Adr    89|KD1     X206      4           1|Rb         100.17 m   |Df          99.84 m   |Z         0.04679 m   |
For M5|Adr    90|To  End-Line                  1|                      |                      |                      | 
For M5|Adr     2|To  Start-Line         BF     1|                      |                      |                      | 
For M5|Adr     3|KD1     X206                  1|                      |                      |Z        73.94158 m   |
For M5|Adr    86|KD1     X206      11:49:273   1|Rb        1.84783 m   |HD         10.494 m   |                      |
For M5|Adr    87|KD1       10      11:49:583   1|Rf        0.78473 m   |HD         11.882 m   |                      |
For M5|Adr    82|KD1       10      11:42:203   1|Rb        1.17393 m   |HD         27.371 m   |                      |
For M5|Adr    83|KD1      Q16      11:42:403   1|Rf        1.12504 m   |HD         93.149 m   |                      |
For M5|Adr    78|KD1      Q16      11:16:173   1|Rb        1.73640 m   |HD         81.864 m   |                      |
For M5|Adr    79|KD1        9      11:16:433   1|Rf        0.79005 m   |HD         88.197 m   |                      |
For M5|Adr    74|KD1        9      11:09:283   1|Rb        2.16843 m   |HD         53.456 m   |                      |
For M5|Adr    75|KD1      Q18      11:09:463   1|Rf        1.02257 m   |HD         71.174 m   |                      |
For M5|Adr    70|KD1      Q18      11:04:533   1|Rb        1.94286 m   |HD         54.601 m   |                      |
For M5|Adr    71|KD1      Q19      11:05:113   1|Rf        1.44337 m   |HD         51.090 m   |                      |
For M5|Adr    66|KD1      Q19      11:00:203   1|Rb        1.63432 m   |HD         26.707 m   |                      |
For M5|Adr    67|KD1        8      11:00:353   1|Rf        1.58834 m   |HD         25.804 m   |                      |
For M5|Adr    62|KD1        8      10:55:043   1|Rb        1.29690 m   |HD         66.717 m   |                      |
For M5|Adr    63|KD1      Q41      10:55:563   1|Rf        1.79910 m   |HD        114.408 m   |                      |
For M5|Adr    58|KD1      Q41      10:44:533   1|Rb        0.94324 m   |HD        109.130 m   |                      |
For M5|Adr    59|KD1        7      10:45:143   1|Rf        1.53108 m   |HD        100.006 m   |                      |
For M5|Adr    54|KD1        7      10:37:553   1|Rb        1.90554 m   |HD         86.326 m   |                      |
For M5|Adr    55|KD1    PN308      10:38:103   1|Rf        1.31112 m   |HD         83.165 m   |                      |
For M5|Adr    50|KD1    PN308      10:31:393   1|Rb        1.85887 m   |HD         61.984 m   |                      |
For M5|Adr    51|KD1        6      10:31:533   1|Rf        1.33970 m   |HD         57.889 m   |                      |
For M5|Adr    46|KD1        6      10:25:563   1|Rb        1.63230 m   |HD         59.260 m   |                      |
For M5|Adr    47|KD1    PN305      10:26:153   1|Rf        1.17245 m   |HD         82.029 m   |                      |
For M5|Adr    42|KD1    PN305      10:17:593   1|Rb        2.12299 m   |HD        121.263 m   |                      |
For M5|Adr    43|KD1      Q47      10:20:043   1|Rf        0.95495 m   |HD         90.121 m   |                      |
For M5|Adr    38|KD1      Q47      10:09:393   1|Rb        1.85771 m   |HD         88.234 m   |                      |
For M5|Adr    39|KD1        4      10:09:563   1|Rf        0.57236 m   |HD         65.784 m   |                      |
For M5|Adr    34|KD1        4      10:02:373   1|Rb        2.66380 m   |HD         82.333 m   |                      |
For M5|Adr    35|KD1      Q48      10:02:523   1|Rf        1.13243 m   |HD         69.782 m   |                      |
For M5|Adr    30|KD1      Q48      09:56:143   1|Rb        1.95405 m   |HD        117.420 m   |                      |
For M5|Adr    31|KD1      Q49      09:56:313   1|Rf        1.27817 m   |HD         81.651 m   |                      |
For M5|Adr    26|KD1      Q49      09:49:213   1|Rb        2.00830 m   |HD         64.573 m   |                      |
For M5|Adr    27|KD1        3      09:49:393   1|Rf        1.08991 m   |HD         40.641 m   |                      |
For M5|Adr    22|KD1        3      09:44:193   1|Rb        2.72322 m   |HD        129.116 m   |                      |
For M5|Adr    23|KD1      Q50      09:44:383   1|Rf        0.23116 m   |HD         83.251 m   |                      |
For M5|Adr    18|KD1      Q50      09:26:393   1|Rb        0.24759 m   |HD        117.063 m   |                      |
For M5|Adr    19|KD1    PN300      09:26:563   1|Rf        2.51216 m   |HD         94.222 m   |                      |
For M5|Adr    14|KD1    PN300      09:19:543   1|Rb        1.80671 m   |HD         75.225 m   |                      |
For M5|Adr    15|KD1        2      09:20:123   1|Rf        1.21041 m   |HD         66.364 m   |                      |
For M5|Adr    10|KD1        2      09:13:043   1|Rb        2.50964 m   |HD         55.430 m   |                      |
For M5|Adr    11|KD1    PN302      09:13:333   1|Rf        1.08145 m   |HD         51.762 m   |                      |
For M5|Adr     6|KD1    PN302      09:10:173   1|Rb        1.22293 m   |HD         43.992 m   |                      |
For M5|Adr     7|KD1     3192      09:10:323   1|Rf        2.19988 m   |HD         20.299 m   |                      |
For M5|Adr    88|KD1     3192                  1|Sh        0.04679 m   |dz       -0.04679 m   |Z         0.00000 m   |
For M5|Adr    89|KD1     3192      4           1|Rb         100.17 m   |Df          99.84 m   |Z         0.04679 m   |
For M5|Adr    90|To  End-Line                  1|                      |                      |                      | 
-9999
